[Info  - 04:31:58.519] Reading sessions from keychain...
[Info  - 04:31:58.554] Getting sessions for user:email...
[Info  - 04:31:58.555] Getting sessions for all scopes...
[Info  - 04:31:58.555] Got 0 sessions for user:email...
[Info  - 04:31:58.555] Got 0 sessions for ...
[Info  - 07:25:31.190] Reading sessions from keychain...
[Trace  - 07:25:31.227] Token acquired from secret storage.
[Info  - 07:25:31.227] Got stored sessions!
[Trace  - 07:25:31.228] Read the following session from the keychain with the following scopes: user:email
[Info  - 07:25:31.228] Got 1 verified sessions.
[Info  - 07:25:31.228] Adding session found in keychain
[Info  - 07:25:31.270] Getting sessions for user:email...
[Info  - 07:25:31.271] Got 1 sessions for user:email...
[Info  - 07:25:31.378] Getting sessions for user:email...
[Info  - 07:25:31.378] Got 1 sessions for user:email...
[Info  - 07:29:02.576] Reading sessions from keychain...
[Info  - 07:29:02.599] Got stored sessions!
[Info  - 07:29:02.600] Got 0 verified sessions.
[Info  - 07:29:02.600] Removing session no longer found in keychain
[Info  - 07:29:02.708] Getting sessions for user:email...
[Info  - 07:29:02.708] Got 0 sessions for user:email...
[Info  - 07:29:49.268] Reading sessions from keychain...
[Trace  - 07:29:49.293] Token acquired from secret storage.
[Info  - 07:29:49.293] Got stored sessions!
[Trace  - 07:29:49.293] Read the following session from the keychain with the following scopes: user:email
[Info  - 07:29:49.293] Got 1 verified sessions.
[Info  - 07:29:49.294] Adding session found in keychain
[Info  - 07:29:49.304] Getting sessions for user:email...
[Info  - 07:29:49.305] Got 1 sessions for user:email...
[Info  - 07:29:49.571] Getting sessions for user:email...
[Info  - 07:29:49.571] Got 1 sessions for user:email...
