[Info  - 06:01:46.44] Reading sessions from keychain...
[Info  - 06:01:46.86] No stored sessions found.
[Info  - 06:01:46.106] Getting sessions for openid,profile,email,offline_access...
[Info  - 06:01:46.106] Got 0 sessions for email,offline_access,openid,profile...
[Info  - 07:22:16.446] Getting sessions for all scopes...
[Info  - 07:22:16.446] Got 0 sessions for all scopes...
[Info  - 07:22:26.526] Getting sessions for openid,profile,email,offline_access...
[Info  - 07:22:26.526] Got 0 sessions for email,offline_access,openid,profile...
[Info  - 07:24:52.906] Getting sessions for all scopes...
[Info  - 07:24:52.906] Got 0 sessions for all scopes...
[Info  - 07:24:58.450] Getting sessions for openid,profile,email,offline_access...
[Info  - 07:24:58.450] Got 0 sessions for email,offline_access,openid,profile...
[Info  - 07:25:31.105] Getting sessions for openid,profile,email,offline_access...
[Info  - 07:25:31.105] Got 0 sessions for email,offline_access,openid,profile...
[Info  - 07:25:31.106] Getting sessions for openid,profile,email,offline_access...
[Info  - 07:25:31.106] Got 0 sessions for email,offline_access,openid,profile...
[Info  - 07:28:49.581] Getting sessions for all scopes...
[Info  - 07:28:49.581] Got 0 sessions for all scopes...
[Info  - 07:29:02.678] Getting sessions for openid,profile,email,offline_access...
[Info  - 07:29:02.678] Got 0 sessions for email,offline_access,openid,profile...
[Info  - 07:29:04.227] Getting sessions for all scopes...
[Info  - 07:29:04.227] Got 0 sessions for all scopes...
[Info  - 07:29:23.649] Getting sessions for openid,profile,email,offline_access...
[Info  - 07:29:23.649] Got 0 sessions for email,offline_access,openid,profile...
[Info  - 07:29:49.362] Getting sessions for openid,profile,email,offline_access...
[Info  - 07:29:49.362] Got 0 sessions for email,offline_access,openid,profile...
[Info  - 07:29:49.362] Getting sessions for openid,profile,email,offline_access...
[Info  - 07:29:49.362] Got 0 sessions for email,offline_access,openid,profile...
[Info  - 07:30:08.428] Getting sessions for all scopes...
[Info  - 07:30:08.428] Got 0 sessions for all scopes...
