[2022-02-22T06:01:46.129Z] Validating found git in: git
[2022-02-22T06:01:46.171Z] Using git 2.25.1 from git
[2022-02-22T06:01:46.292Z] > git rev-parse --git-dir [50ms]
[2022-02-22T06:01:46.298Z] Open repository: /home/lorraine/Documents/moringa-school-projects/first-projects
[2022-02-22T06:01:46.611Z] > git symbolic-ref --short HEAD [245ms]
[2022-02-22T06:01:46.631Z] > git for-each-ref --format=%(refname)%00%(upstream:short)%00%(objectname)%00%(upstream:track) refs/heads/master refs/remotes/master [5ms]
[2022-02-22T06:01:46.671Z] > git remote --verbose [7ms]
[2022-02-22T06:01:46.673Z] > git for-each-ref --sort -committerdate --format %(refname) %(objectname) %(*objectname) [26ms]
[2022-02-22T06:01:46.706Z] > git config --get commit.template [5ms]
[2022-02-22T06:02:30.791Z] > git ls-files --stage -- /home/lorraine/Documents/moringa-school-projects/first-projects/hello-world.html [5ms]
[2022-02-22T06:02:54.651Z] > git symbolic-ref --short HEAD [6ms]
[2022-02-22T06:02:54.668Z] > git for-each-ref --format=%(refname)%00%(upstream:short)%00%(objectname)%00%(upstream:track) refs/heads/master refs/remotes/master [5ms]
[2022-02-22T06:02:54.685Z] > git for-each-ref --sort -committerdate --format %(refname) %(objectname) %(*objectname) [9ms]
[2022-02-22T06:02:54.686Z] > git remote --verbose [2ms]
[2022-02-22T06:02:54.697Z] > git config --get commit.template [2ms]
[2022-02-22T06:47:15.343Z] > git symbolic-ref --short HEAD [16ms]
[2022-02-22T06:47:15.359Z] > git ls-files --stage -- /home/lorraine/Documents/moringa-school-projects/first-projects/hello-world.html [18ms]
[2022-02-22T06:47:15.370Z] > git for-each-ref --format=%(refname)%00%(upstream:short)%00%(objectname)%00%(upstream:track) refs/heads/master refs/remotes/master [15ms]
[2022-02-22T06:47:15.392Z] > git for-each-ref --sort -committerdate --format %(refname) %(objectname) %(*objectname) [15ms]
[2022-02-22T06:47:15.395Z] > git cat-file -s 5bb56272ae47924337a21580fcb5d40ccfbccba2 [26ms]
[2022-02-22T06:47:15.396Z] > git remote --verbose [7ms]
[2022-02-22T06:47:15.420Z] > git config --get commit.template [5ms]
[2022-02-22T06:47:20.452Z] > git symbolic-ref --short HEAD [3ms]
[2022-02-22T06:47:20.468Z] > git for-each-ref --format=%(refname)%00%(upstream:short)%00%(objectname)%00%(upstream:track) refs/heads/master refs/remotes/master [6ms]
[2022-02-22T06:47:20.502Z] > git for-each-ref --sort -committerdate --format %(refname) %(objectname) %(*objectname) [17ms]
[2022-02-22T06:47:20.503Z] > git remote --verbose [7ms]
[2022-02-22T06:47:20.522Z] > git config --get commit.template [2ms]
