[Info  - 06:01:46.288] Reading sessions from keychain...
[Info  - 06:01:46.593] Getting sessions for user:email...
[Info  - 06:01:46.606] Getting sessions for all scopes...
[Info  - 06:01:46.607] Got 0 sessions for user:email...
[Info  - 06:01:46.607] Got 0 sessions for ...
[Info  - 07:22:16.446] Getting sessions for all scopes...
[Info  - 07:22:16.446] Got 0 sessions for ...
[Info  - 07:22:26.534] Getting sessions for user:email...
[Info  - 07:22:26.534] Got 0 sessions for user:email...
[Info  - 07:22:30.636] Logging in for the following scopes: user:email
[Trace  - 07:23:56.422] Handling Uri...
[Info  - 07:24:52.906] Getting sessions for all scopes...
[Info  - 07:24:52.907] Got 0 sessions for ...
[Info  - 07:24:58.454] Getting sessions for user:email...
[Info  - 07:24:58.455] Got 0 sessions for user:email...
[Info  - 07:25:00.968] Logging in for the following scopes: user:email
[Trace  - 07:25:26.695] Handling Uri...
[Info  - 07:25:26.696] Exchanging code for token...
[Info  - 07:25:27.760] Token exchange success!
[Info  - 07:25:27.762] Getting user info...
[Info  - 07:25:28.599] Got account info!
[Info  - 07:25:28.600] Storing 1 sessions...
[Info  - 07:25:31.93] Reading sessions from keychain...
[Info  - 07:25:31.94] Stored 1 sessions!
[Info  - 07:25:31.94] Login success!
[Info  - 07:25:31.118] Getting sessions for user:email...
[Info  - 07:25:31.119] Getting sessions for user:email...
[Trace  - 07:25:31.126] Token acquired from secret storage.
[Info  - 07:25:31.127] Got stored sessions!
[Trace  - 07:25:31.128] Read the following session from the keychain with the following scopes: user:email
[Info  - 07:25:31.128] Got 1 verified sessions.
[Info  - 07:25:31.129] Got 1 sessions for user:email...
[Info  - 07:25:31.129] Got 1 sessions for user:email...
[Info  - 07:28:49.586] Getting sessions for all scopes...
[Info  - 07:28:49.586] Got 1 sessions for ...
[Info  - 07:29:01.648] Logging out of e5b0fa0c-9b6a-4021-9499-9c55256df8a6
[Info  - 07:29:01.648] Storing 0 sessions...
[Info  - 07:29:02.603] Reading sessions from keychain...
[Info  - 07:29:02.603] Stored 0 sessions!
[Info  - 07:29:04.226] Getting sessions for user:email...
[Info  - 07:29:04.227] Getting sessions for all scopes...
[Info  - 07:29:04.332] Got stored sessions!
[Info  - 07:29:04.332] Got 0 verified sessions.
[Info  - 07:29:04.332] Got 0 sessions for user:email...
[Info  - 07:29:04.332] Got 0 sessions for ...
[Info  - 07:29:23.659] Getting sessions for user:email...
[Info  - 07:29:23.659] Got 0 sessions for user:email...
[Info  - 07:29:26.836] Logging in for the following scopes: user:email
[Trace  - 07:29:47.179] Handling Uri...
[Info  - 07:29:47.180] Exchanging code for token...
[Info  - 07:29:48.230] Token exchange success!
[Info  - 07:29:48.231] Getting user info...
[Info  - 07:29:49.114] Got account info!
[Info  - 07:29:49.118] Storing 1 sessions...
[Info  - 07:29:49.269] Reading sessions from keychain...
[Info  - 07:29:49.269] Stored 1 sessions!
[Info  - 07:29:49.270] Login success!
[Info  - 07:29:49.364] Getting sessions for user:email...
[Info  - 07:29:49.364] Getting sessions for user:email...
[Trace  - 07:29:49.365] Token acquired from secret storage.
[Info  - 07:29:49.365] Got stored sessions!
[Trace  - 07:29:49.365] Read the following session from the keychain with the following scopes: user:email
[Info  - 07:29:49.365] Got 1 verified sessions.
[Info  - 07:29:49.365] Got 1 sessions for user:email...
[Info  - 07:29:49.365] Got 1 sessions for user:email...
[Info  - 07:30:08.428] Getting sessions for all scopes...
[Info  - 07:30:08.429] Got 1 sessions for ...
