[Info  - 04:49:43.347] Reading sessions from keychain...
[Info  - 04:49:43.360] Getting sessions for user:email...
[Info  - 04:49:43.363] Getting sessions for all scopes...
[Info  - 04:49:43.380] Got 0 sessions for user:email...
[Info  - 04:49:43.380] Got 0 sessions for ...
[Info  - 07:25:31.193] Reading sessions from keychain...
[Trace  - 07:25:31.245] Token acquired from secret storage.
[Info  - 07:25:31.246] Got stored sessions!
[Trace  - 07:25:31.246] Read the following session from the keychain with the following scopes: user:email
[Info  - 07:25:31.247] Got 1 verified sessions.
[Info  - 07:25:31.247] Adding session found in keychain
[Info  - 07:25:31.260] Getting sessions for user:email...
[Info  - 07:25:31.261] Got 1 sessions for user:email...
[Info  - 07:25:31.380] Getting sessions for user:email...
[Info  - 07:25:31.380] Got 1 sessions for user:email...
[Info  - 07:29:02.577] Reading sessions from keychain...
[Info  - 07:29:02.633] Got stored sessions!
[Info  - 07:29:02.633] Got 0 verified sessions.
[Info  - 07:29:02.633] Removing session no longer found in keychain
[Info  - 07:29:02.719] Getting sessions for user:email...
[Info  - 07:29:02.719] Got 0 sessions for user:email...
[Info  - 07:29:49.268] Reading sessions from keychain...
[Trace  - 07:29:49.294] Token acquired from secret storage.
[Info  - 07:29:49.294] Got stored sessions!
[Trace  - 07:29:49.294] Read the following session from the keychain with the following scopes: user:email
[Info  - 07:29:49.295] Got 1 verified sessions.
[Info  - 07:29:49.295] Adding session found in keychain
[Info  - 07:29:49.303] Getting sessions for user:email...
[Info  - 07:29:49.303] Got 1 sessions for user:email...
[Info  - 07:29:49.571] Getting sessions for user:email...
[Info  - 07:29:49.572] Got 1 sessions for user:email...
