[2022-02-22T04:49:55.617Z] Validating found git in: git
[2022-02-22T04:49:55.646Z] Using git 2.25.1 from git
[2022-02-22T04:49:55.678Z] > git rev-parse --git-dir [10ms]
[2022-02-22T04:49:55.688Z] Open repository: /home/lorraine/Documents/moringa-school-projects/hello-world
[2022-02-22T04:49:55.707Z] > git symbolic-ref --short HEAD [2ms]
[2022-02-22T04:49:55.713Z] > git for-each-ref --format=%(refname)%00%(upstream:short)%00%(objectname)%00%(upstream:track) refs/heads/master refs/remotes/master [1ms]
[2022-02-22T04:49:55.727Z] > git remote --verbose [4ms]
[2022-02-22T04:49:55.727Z] > git for-each-ref --sort -committerdate --format %(refname) %(objectname) %(*objectname) [9ms]
[2022-02-22T04:49:55.739Z] > git config --get commit.template [3ms]
[2022-02-22T04:50:44.617Z] > git ls-files --stage -- /home/lorraine/Documents/moringa-school-projects/hello-world/hello-world.html [123ms]
[2022-02-22T04:52:12.468Z] > git symbolic-ref --short HEAD [4ms]
[2022-02-22T04:52:12.483Z] > git for-each-ref --format=%(refname)%00%(upstream:short)%00%(objectname)%00%(upstream:track) refs/heads/master refs/remotes/master [3ms]
[2022-02-22T04:52:12.506Z] > git for-each-ref --sort -committerdate --format %(refname) %(objectname) %(*objectname) [12ms]
[2022-02-22T04:52:12.506Z] > git remote --verbose [2ms]
[2022-02-22T04:52:12.520Z] > git config --get commit.template [2ms]
[2022-02-22T05:58:47.519Z] > git symbolic-ref --short HEAD [9ms]
[2022-02-22T05:58:47.525Z] > git ls-files --stage -- /home/lorraine/Documents/moringa-school-projects/hello-world/hello-world.html [8ms]
[2022-02-22T05:58:47.530Z] > git for-each-ref --format=%(refname)%00%(upstream:short)%00%(objectname)%00%(upstream:track) refs/heads/master refs/remotes/master [6ms]
[2022-02-22T05:58:47.542Z] > git for-each-ref --sort -committerdate --format %(refname) %(objectname) %(*objectname) [6ms]
[2022-02-22T05:58:47.542Z] > git cat-file -s 5bb56272ae47924337a21580fcb5d40ccfbccba2 [12ms]
[2022-02-22T05:58:47.543Z] > git remote --verbose [2ms]
[2022-02-22T05:58:47.553Z] > git config --get commit.template [0ms]
[2022-02-22T05:59:52.298Z] > git symbolic-ref --short HEAD [3ms]
[2022-02-22T05:59:52.310Z] > git for-each-ref --format=%(refname)%00%(upstream:short)%00%(objectname)%00%(upstream:track) refs/heads/master refs/remotes/master [3ms]
[2022-02-22T05:59:52.339Z] > git for-each-ref --sort -committerdate --format %(refname) %(objectname) %(*objectname) [14ms]
[2022-02-22T05:59:52.341Z] > git remote --verbose [7ms]
[2022-02-22T05:59:52.357Z] > git config --get commit.template [4ms]
