[Info  - 07:33:46.735] Reading sessions from keychain...
[Info  - 07:33:49.84] Getting sessions for all scopes...
[Trace  - 07:33:49.84] Token acquired from secret storage.
[Info  - 07:33:49.84] Got stored sessions!
[Trace  - 07:33:49.85] Read the following session from the keychain with the following scopes: user:email
[Info  - 07:33:49.207] Got 1 verified sessions.
[Info  - 07:33:49.207] Got 1 sessions for ...
[Info  - 07:33:49.211] Getting sessions for all scopes...
[Info  - 07:33:49.212] Got 1 sessions for ...
[Info  - 07:33:49.483] Getting sessions for user:email...
[Info  - 07:33:49.499] Got 1 sessions for user:email...
[Info  - 07:50:38.562] Getting sessions for repo,workflow...
[Info  - 07:50:38.562] Got 0 sessions for repo,workflow...
[Info  - 07:50:44.850] Logging in for the following scopes: repo workflow
[Trace  - 07:51:20.574] Handling Uri...
[Info  - 07:51:20.574] Exchanging code for token...
[Info  - 07:51:21.606] Token exchange success!
[Info  - 07:51:21.608] Getting user info...
[Info  - 07:51:22.448] Got account info!
[Info  - 07:51:22.449] Storing 2 sessions...
[Info  - 07:51:23.990] Reading sessions from keychain...
[Info  - 07:51:23.990] Stored 2 sessions!
[Info  - 07:51:23.991] Login success!
[Info  - 07:51:24.23] Getting sessions for user:email...
[Trace  - 07:51:24.32] Token acquired from secret storage.
[Info  - 07:51:24.32] Got stored sessions!
[Trace  - 07:51:24.32] Read the following session from the keychain with the following scopes: user:email
[Trace  - 07:51:24.33] Read the following session from the keychain with the following scopes: repo workflow
[Info  - 07:51:24.33] Got 2 verified sessions.
[Info  - 07:51:24.33] Got 1 sessions for user:email...
[Info  - 07:53:21.438] Getting sessions for repo,workflow...
[Info  - 07:53:21.438] Got 1 sessions for repo,workflow...
